Command: ./simv +UVM_TESTNAME=my_case0 -l vcs_sim.log
Chronologic VCS simulator copyright 1991-2016
Contains Synopsys proprietary information.
Compiler version L-2016.06_Full64; Runtime version L-2016.06_Full64;  Mar 10 10:24 2021
----------------------------------------------------------------
UVM-1.1d
(C) 2007-2013 Mentor Graphics Corporation
(C) 2007-2013 Cadence Design Systems, Inc.
(C) 2006-2013 Synopsys, Inc.
(C) 2011-2013 Cypress Semiconductor Corp.
----------------------------------------------------------------

  ***********       IMPORTANT RELEASE NOTES         ************

  You are using a version of the UVM library that has been compiled
  with `UVM_NO_DEPRECATED undefined.
  See http://www.eda.org/svdb/view.php?id=3313 for more details.

  You are using a version of the UVM library that has been compiled
  with `UVM_OBJECT_MUST_HAVE_CONSTRUCTOR undefined.
  See http://www.eda.org/svdb/view.php?id=3770 for more details.

      (Specify +UVM_NO_RELNOTES to turn off this notice)

UVM_INFO @ 0: reporter [RNTST] Running test my_case0...
UVM_INFO bus_driver.sv(37) @ 1100000: uvm_test_top.env.bus_agt.drv [bus_driver] begin to drive one pkt
UVM_INFO bus_monitor.sv(46) @ 1700000: uvm_test_top.env.bus_agt.mon [bus_monitor] end collect one pkt
UVM_INFO bus_driver.sv(57) @ 1700000: uvm_test_top.env.bus_agt.drv [bus_driver] end drive one pkt
UVM_INFO my_case0.sv(29) @ 1700000: uvm_test_top.env.bus_agt.sqr@@bseq [case0_bus_seq] invert's initial value is 0
UVM_INFO bus_driver.sv(37) @ 1700000: uvm_test_top.env.bus_agt.drv [bus_driver] begin to drive one pkt
UVM_INFO bus_monitor.sv(46) @ 2300000: uvm_test_top.env.bus_agt.mon [bus_monitor] end collect one pkt
UVM_INFO bus_driver.sv(57) @ 2300000: uvm_test_top.env.bus_agt.drv [bus_driver] end drive one pkt
UVM_INFO bus_driver.sv(37) @ 2300000: uvm_test_top.env.bus_agt.drv [bus_driver] begin to drive one pkt
UVM_INFO bus_monitor.sv(46) @ 2900000: uvm_test_top.env.bus_agt.mon [bus_monitor] end collect one pkt
UVM_INFO bus_driver.sv(57) @ 2900000: uvm_test_top.env.bus_agt.drv [bus_driver] end drive one pkt
UVM_INFO my_case0.sv(35) @ 2900000: uvm_test_top.env.bus_agt.sqr@@bseq [case0_bus_seq] after set, invert's value is 1
UVM_INFO bus_driver.sv(37) @ 2900000: uvm_test_top.env.bus_agt.drv [bus_driver] begin to drive one pkt
UVM_INFO bus_monitor.sv(46) @ 3500000: uvm_test_top.env.bus_agt.mon [bus_monitor] end collect one pkt
UVM_INFO bus_driver.sv(57) @ 3500000: uvm_test_top.env.bus_agt.drv [bus_driver] end drive one pkt
UVM_INFO bus_driver.sv(37) @ 3500000: uvm_test_top.env.bus_agt.drv [bus_driver] begin to drive one pkt
UVM_INFO bus_monitor.sv(46) @ 4100000: uvm_test_top.env.bus_agt.mon [bus_monitor] end collect one pkt
UVM_INFO bus_driver.sv(57) @ 4100000: uvm_test_top.env.bus_agt.drv [bus_driver] end drive one pkt
UVM_INFO my_case0.sv(41) @ 4100000: uvm_test_top.env.bus_agt.sqr@@bseq [case0_bus_seq] after set, invert's value is 0
UVM_INFO my_scoreboard.sv(40) @ 122100000: uvm_test_top.env.scb [my_scoreboard] Compare SUCCESSFULLY
UVM_INFO my_scoreboard.sv(40) @ 387100000: uvm_test_top.env.scb [my_scoreboard] Compare SUCCESSFULLY
UVM_INFO my_scoreboard.sv(40) @ 426100000: uvm_test_top.env.scb [my_scoreboard] Compare SUCCESSFULLY
UVM_INFO my_scoreboard.sv(40) @ 452700000: uvm_test_top.env.scb [my_scoreboard] Compare SUCCESSFULLY
UVM_INFO my_scoreboard.sv(40) @ 697500000: uvm_test_top.env.scb [my_scoreboard] Compare SUCCESSFULLY
UVM_INFO my_scoreboard.sv(40) @ 882500000: uvm_test_top.env.scb [my_scoreboard] Compare SUCCESSFULLY
UVM_INFO my_scoreboard.sv(40) @ 1155300000: uvm_test_top.env.scb [my_scoreboard] Compare SUCCESSFULLY
UVM_INFO my_scoreboard.sv(40) @ 1371700000: uvm_test_top.env.scb [my_scoreboard] Compare SUCCESSFULLY
UVM_INFO my_scoreboard.sv(40) @ 1459100000: uvm_test_top.env.scb [my_scoreboard] Compare SUCCESSFULLY
TEST CASE PASSED

--- UVM Report Summary ---

** Report counts by severity
UVM_INFO :   28
UVM_WARNING :    0
UVM_ERROR :    0
UVM_FATAL :    0
** Report counts by id
[RNTST]     1
[bus_driver]    10
[bus_monitor]     5
[case0_bus_seq]     3
[my_scoreboard]     9
$finish called from file "/home/hao/wrk/my_uvm/uvm-1.1d/src/base/uvm_root.svh", line 430.
$finish at simulation time           1492100000
           V C S   S i m u l a t i o n   R e p o r t 
Time: 1492100000 ps
CPU Time:      0.290 seconds;       Data structure size:   0.3Mb
Wed Mar 10 10:24:36 2021
