Command: ./simv -l vcs_sim.log
Chronologic VCS simulator copyright 1991-2016
Contains Synopsys proprietary information.
Compiler version L-2016.06_Full64; Runtime version L-2016.06_Full64;  Mar 10 09:32 2021
----------------------------------------------------------------
UVM-1.1d
(C) 2007-2013 Mentor Graphics Corporation
(C) 2007-2013 Cadence Design Systems, Inc.
(C) 2006-2013 Synopsys, Inc.
(C) 2011-2013 Cypress Semiconductor Corp.
----------------------------------------------------------------

  ***********       IMPORTANT RELEASE NOTES         ************

  You are using a version of the UVM library that has been compiled
  with `UVM_NO_DEPRECATED undefined.
  See http://www.eda.org/svdb/view.php?id=3313 for more details.

  You are using a version of the UVM library that has been compiled
  with `UVM_OBJECT_MUST_HAVE_CONSTRUCTOR undefined.
  See http://www.eda.org/svdb/view.php?id=3770 for more details.

      (Specify +UVM_NO_RELNOTES to turn off this notice)

UVM_INFO my_driver.sv(20) @ 100000: drv [my_driver] data is drived
UVM_INFO my_driver.sv(20) @ 300000: drv [my_driver] data is drived
UVM_INFO my_driver.sv(20) @ 500000: drv [my_driver] data is drived
UVM_INFO my_driver.sv(20) @ 700000: drv [my_driver] data is drived
UVM_INFO my_driver.sv(20) @ 900000: drv [my_driver] data is drived
UVM_INFO my_driver.sv(20) @ 1100000: drv [my_driver] data is drived
UVM_INFO my_driver.sv(20) @ 1300000: drv [my_driver] data is drived
UVM_INFO my_driver.sv(20) @ 1500000: drv [my_driver] data is drived
UVM_INFO my_driver.sv(20) @ 1700000: drv [my_driver] data is drived
UVM_INFO my_driver.sv(20) @ 1900000: drv [my_driver] data is drived
UVM_INFO my_driver.sv(20) @ 2100000: drv [my_driver] data is drived
UVM_INFO my_driver.sv(20) @ 2300000: drv [my_driver] data is drived
UVM_INFO my_driver.sv(20) @ 2500000: drv [my_driver] data is drived
UVM_INFO my_driver.sv(20) @ 2700000: drv [my_driver] data is drived
UVM_INFO my_driver.sv(20) @ 2900000: drv [my_driver] data is drived
UVM_INFO my_driver.sv(20) @ 3100000: drv [my_driver] data is drived
UVM_INFO my_driver.sv(20) @ 3300000: drv [my_driver] data is drived
UVM_INFO my_driver.sv(20) @ 3500000: drv [my_driver] data is drived
UVM_INFO my_driver.sv(20) @ 3700000: drv [my_driver] data is drived
UVM_INFO my_driver.sv(20) @ 3900000: drv [my_driver] data is drived
UVM_INFO my_driver.sv(20) @ 4100000: drv [my_driver] data is drived
UVM_INFO my_driver.sv(20) @ 4300000: drv [my_driver] data is drived
UVM_INFO my_driver.sv(20) @ 4500000: drv [my_driver] data is drived
UVM_INFO my_driver.sv(20) @ 4700000: drv [my_driver] data is drived
UVM_INFO my_driver.sv(20) @ 4900000: drv [my_driver] data is drived
UVM_INFO my_driver.sv(20) @ 5100000: drv [my_driver] data is drived
UVM_INFO my_driver.sv(20) @ 5300000: drv [my_driver] data is drived
UVM_INFO my_driver.sv(20) @ 5500000: drv [my_driver] data is drived
UVM_INFO my_driver.sv(20) @ 5700000: drv [my_driver] data is drived
UVM_INFO my_driver.sv(20) @ 5900000: drv [my_driver] data is drived
UVM_INFO my_driver.sv(20) @ 6100000: drv [my_driver] data is drived
UVM_INFO my_driver.sv(20) @ 6300000: drv [my_driver] data is drived
UVM_INFO my_driver.sv(20) @ 6500000: drv [my_driver] data is drived
UVM_INFO my_driver.sv(20) @ 6700000: drv [my_driver] data is drived
UVM_INFO my_driver.sv(20) @ 6900000: drv [my_driver] data is drived
UVM_INFO my_driver.sv(20) @ 7100000: drv [my_driver] data is drived
UVM_INFO my_driver.sv(20) @ 7300000: drv [my_driver] data is drived
UVM_INFO my_driver.sv(20) @ 7500000: drv [my_driver] data is drived
UVM_INFO my_driver.sv(20) @ 7700000: drv [my_driver] data is drived
UVM_INFO my_driver.sv(20) @ 7900000: drv [my_driver] data is drived
UVM_INFO my_driver.sv(20) @ 8100000: drv [my_driver] data is drived
UVM_INFO my_driver.sv(20) @ 8300000: drv [my_driver] data is drived
UVM_INFO my_driver.sv(20) @ 8500000: drv [my_driver] data is drived
UVM_INFO my_driver.sv(20) @ 8700000: drv [my_driver] data is drived
UVM_INFO my_driver.sv(20) @ 8900000: drv [my_driver] data is drived
UVM_INFO my_driver.sv(20) @ 9100000: drv [my_driver] data is drived
UVM_INFO my_driver.sv(20) @ 9300000: drv [my_driver] data is drived
UVM_INFO my_driver.sv(20) @ 9500000: drv [my_driver] data is drived
UVM_INFO my_driver.sv(20) @ 9700000: drv [my_driver] data is drived
UVM_INFO my_driver.sv(20) @ 9900000: drv [my_driver] data is drived
UVM_INFO my_driver.sv(20) @ 10100000: drv [my_driver] data is drived
UVM_INFO my_driver.sv(20) @ 10300000: drv [my_driver] data is drived
UVM_INFO my_driver.sv(20) @ 10500000: drv [my_driver] data is drived
UVM_INFO my_driver.sv(20) @ 10700000: drv [my_driver] data is drived
UVM_INFO my_driver.sv(20) @ 10900000: drv [my_driver] data is drived
UVM_INFO my_driver.sv(20) @ 11100000: drv [my_driver] data is drived
UVM_INFO my_driver.sv(20) @ 11300000: drv [my_driver] data is drived
UVM_INFO my_driver.sv(20) @ 11500000: drv [my_driver] data is drived
UVM_INFO my_driver.sv(20) @ 11700000: drv [my_driver] data is drived
UVM_INFO my_driver.sv(20) @ 11900000: drv [my_driver] data is drived
UVM_INFO my_driver.sv(20) @ 12100000: drv [my_driver] data is drived
UVM_INFO my_driver.sv(20) @ 12300000: drv [my_driver] data is drived
UVM_INFO my_driver.sv(20) @ 12500000: drv [my_driver] data is drived
UVM_INFO my_driver.sv(20) @ 12700000: drv [my_driver] data is drived
UVM_INFO my_driver.sv(20) @ 12900000: drv [my_driver] data is drived
UVM_INFO my_driver.sv(20) @ 13100000: drv [my_driver] data is drived
UVM_INFO my_driver.sv(20) @ 13300000: drv [my_driver] data is drived
UVM_INFO my_driver.sv(20) @ 13500000: drv [my_driver] data is drived
UVM_INFO my_driver.sv(20) @ 13700000: drv [my_driver] data is drived
UVM_INFO my_driver.sv(20) @ 13900000: drv [my_driver] data is drived
UVM_INFO my_driver.sv(20) @ 14100000: drv [my_driver] data is drived
UVM_INFO my_driver.sv(20) @ 14300000: drv [my_driver] data is drived
UVM_INFO my_driver.sv(20) @ 14500000: drv [my_driver] data is drived
UVM_INFO my_driver.sv(20) @ 14700000: drv [my_driver] data is drived
UVM_INFO my_driver.sv(20) @ 14900000: drv [my_driver] data is drived
UVM_INFO my_driver.sv(20) @ 15100000: drv [my_driver] data is drived
UVM_INFO my_driver.sv(20) @ 15300000: drv [my_driver] data is drived
UVM_INFO my_driver.sv(20) @ 15500000: drv [my_driver] data is drived
UVM_INFO my_driver.sv(20) @ 15700000: drv [my_driver] data is drived
UVM_INFO my_driver.sv(20) @ 15900000: drv [my_driver] data is drived
UVM_INFO my_driver.sv(20) @ 16100000: drv [my_driver] data is drived
UVM_INFO my_driver.sv(20) @ 16300000: drv [my_driver] data is drived
UVM_INFO my_driver.sv(20) @ 16500000: drv [my_driver] data is drived
UVM_INFO my_driver.sv(20) @ 16700000: drv [my_driver] data is drived
UVM_INFO my_driver.sv(20) @ 16900000: drv [my_driver] data is drived
UVM_INFO my_driver.sv(20) @ 17100000: drv [my_driver] data is drived
UVM_INFO my_driver.sv(20) @ 17300000: drv [my_driver] data is drived
UVM_INFO my_driver.sv(20) @ 17500000: drv [my_driver] data is drived
UVM_INFO my_driver.sv(20) @ 17700000: drv [my_driver] data is drived
UVM_INFO my_driver.sv(20) @ 17900000: drv [my_driver] data is drived
UVM_INFO my_driver.sv(20) @ 18100000: drv [my_driver] data is drived
UVM_INFO my_driver.sv(20) @ 18300000: drv [my_driver] data is drived
UVM_INFO my_driver.sv(20) @ 18500000: drv [my_driver] data is drived
UVM_INFO my_driver.sv(20) @ 18700000: drv [my_driver] data is drived
UVM_INFO my_driver.sv(20) @ 18900000: drv [my_driver] data is drived
UVM_INFO my_driver.sv(20) @ 19100000: drv [my_driver] data is drived
UVM_INFO my_driver.sv(20) @ 19300000: drv [my_driver] data is drived
UVM_INFO my_driver.sv(20) @ 19500000: drv [my_driver] data is drived
UVM_INFO my_driver.sv(20) @ 19700000: drv [my_driver] data is drived
UVM_INFO my_driver.sv(20) @ 19900000: drv [my_driver] data is drived
UVM_INFO my_driver.sv(20) @ 20100000: drv [my_driver] data is drived
UVM_INFO my_driver.sv(20) @ 20300000: drv [my_driver] data is drived
UVM_INFO my_driver.sv(20) @ 20500000: drv [my_driver] data is drived
UVM_INFO my_driver.sv(20) @ 20700000: drv [my_driver] data is drived
UVM_INFO my_driver.sv(20) @ 20900000: drv [my_driver] data is drived
UVM_INFO my_driver.sv(20) @ 21100000: drv [my_driver] data is drived
UVM_INFO my_driver.sv(20) @ 21300000: drv [my_driver] data is drived
UVM_INFO my_driver.sv(20) @ 21500000: drv [my_driver] data is drived
UVM_INFO my_driver.sv(20) @ 21700000: drv [my_driver] data is drived
UVM_INFO my_driver.sv(20) @ 21900000: drv [my_driver] data is drived
UVM_INFO my_driver.sv(20) @ 22100000: drv [my_driver] data is drived
UVM_INFO my_driver.sv(20) @ 22300000: drv [my_driver] data is drived
UVM_INFO my_driver.sv(20) @ 22500000: drv [my_driver] data is drived
UVM_INFO my_driver.sv(20) @ 22700000: drv [my_driver] data is drived
UVM_INFO my_driver.sv(20) @ 22900000: drv [my_driver] data is drived
UVM_INFO my_driver.sv(20) @ 23100000: drv [my_driver] data is drived
UVM_INFO my_driver.sv(20) @ 23300000: drv [my_driver] data is drived
UVM_INFO my_driver.sv(20) @ 23500000: drv [my_driver] data is drived
UVM_INFO my_driver.sv(20) @ 23700000: drv [my_driver] data is drived
UVM_INFO my_driver.sv(20) @ 23900000: drv [my_driver] data is drived
UVM_INFO my_driver.sv(20) @ 24100000: drv [my_driver] data is drived
UVM_INFO my_driver.sv(20) @ 24300000: drv [my_driver] data is drived
UVM_INFO my_driver.sv(20) @ 24500000: drv [my_driver] data is drived
UVM_INFO my_driver.sv(20) @ 24700000: drv [my_driver] data is drived
UVM_INFO my_driver.sv(20) @ 24900000: drv [my_driver] data is drived
UVM_INFO my_driver.sv(20) @ 25100000: drv [my_driver] data is drived
UVM_INFO my_driver.sv(20) @ 25300000: drv [my_driver] data is drived
UVM_INFO my_driver.sv(20) @ 25500000: drv [my_driver] data is drived
UVM_INFO my_driver.sv(20) @ 25700000: drv [my_driver] data is drived
UVM_INFO my_driver.sv(20) @ 25900000: drv [my_driver] data is drived
UVM_INFO my_driver.sv(20) @ 26100000: drv [my_driver] data is drived
UVM_INFO my_driver.sv(20) @ 26300000: drv [my_driver] data is drived
UVM_INFO my_driver.sv(20) @ 26500000: drv [my_driver] data is drived
UVM_INFO my_driver.sv(20) @ 26700000: drv [my_driver] data is drived
UVM_INFO my_driver.sv(20) @ 26900000: drv [my_driver] data is drived
UVM_INFO my_driver.sv(20) @ 27100000: drv [my_driver] data is drived
UVM_INFO my_driver.sv(20) @ 27300000: drv [my_driver] data is drived
UVM_INFO my_driver.sv(20) @ 27500000: drv [my_driver] data is drived
UVM_INFO my_driver.sv(20) @ 27700000: drv [my_driver] data is drived
UVM_INFO my_driver.sv(20) @ 27900000: drv [my_driver] data is drived
UVM_INFO my_driver.sv(20) @ 28100000: drv [my_driver] data is drived
UVM_INFO my_driver.sv(20) @ 28300000: drv [my_driver] data is drived
UVM_INFO my_driver.sv(20) @ 28500000: drv [my_driver] data is drived
UVM_INFO my_driver.sv(20) @ 28700000: drv [my_driver] data is drived
UVM_INFO my_driver.sv(20) @ 28900000: drv [my_driver] data is drived
UVM_INFO my_driver.sv(20) @ 29100000: drv [my_driver] data is drived
UVM_INFO my_driver.sv(20) @ 29300000: drv [my_driver] data is drived
UVM_INFO my_driver.sv(20) @ 29500000: drv [my_driver] data is drived
UVM_INFO my_driver.sv(20) @ 29700000: drv [my_driver] data is drived
UVM_INFO my_driver.sv(20) @ 29900000: drv [my_driver] data is drived
UVM_INFO my_driver.sv(20) @ 30100000: drv [my_driver] data is drived
UVM_INFO my_driver.sv(20) @ 30300000: drv [my_driver] data is drived
UVM_INFO my_driver.sv(20) @ 30500000: drv [my_driver] data is drived
UVM_INFO my_driver.sv(20) @ 30700000: drv [my_driver] data is drived
UVM_INFO my_driver.sv(20) @ 30900000: drv [my_driver] data is drived
UVM_INFO my_driver.sv(20) @ 31100000: drv [my_driver] data is drived
UVM_INFO my_driver.sv(20) @ 31300000: drv [my_driver] data is drived
UVM_INFO my_driver.sv(20) @ 31500000: drv [my_driver] data is drived
UVM_INFO my_driver.sv(20) @ 31700000: drv [my_driver] data is drived
UVM_INFO my_driver.sv(20) @ 31900000: drv [my_driver] data is drived
UVM_INFO my_driver.sv(20) @ 32100000: drv [my_driver] data is drived
UVM_INFO my_driver.sv(20) @ 32300000: drv [my_driver] data is drived
UVM_INFO my_driver.sv(20) @ 32500000: drv [my_driver] data is drived
UVM_INFO my_driver.sv(20) @ 32700000: drv [my_driver] data is drived
UVM_INFO my_driver.sv(20) @ 32900000: drv [my_driver] data is drived
UVM_INFO my_driver.sv(20) @ 33100000: drv [my_driver] data is drived
UVM_INFO my_driver.sv(20) @ 33300000: drv [my_driver] data is drived
UVM_INFO my_driver.sv(20) @ 33500000: drv [my_driver] data is drived
UVM_INFO my_driver.sv(20) @ 33700000: drv [my_driver] data is drived
UVM_INFO my_driver.sv(20) @ 33900000: drv [my_driver] data is drived
UVM_INFO my_driver.sv(20) @ 34100000: drv [my_driver] data is drived
UVM_INFO my_driver.sv(20) @ 34300000: drv [my_driver] data is drived
UVM_INFO my_driver.sv(20) @ 34500000: drv [my_driver] data is drived
UVM_INFO my_driver.sv(20) @ 34700000: drv [my_driver] data is drived
UVM_INFO my_driver.sv(20) @ 34900000: drv [my_driver] data is drived
UVM_INFO my_driver.sv(20) @ 35100000: drv [my_driver] data is drived
UVM_INFO my_driver.sv(20) @ 35300000: drv [my_driver] data is drived
UVM_INFO my_driver.sv(20) @ 35500000: drv [my_driver] data is drived
UVM_INFO my_driver.sv(20) @ 35700000: drv [my_driver] data is drived
UVM_INFO my_driver.sv(20) @ 35900000: drv [my_driver] data is drived
UVM_INFO my_driver.sv(20) @ 36100000: drv [my_driver] data is drived
UVM_INFO my_driver.sv(20) @ 36300000: drv [my_driver] data is drived
UVM_INFO my_driver.sv(20) @ 36500000: drv [my_driver] data is drived
UVM_INFO my_driver.sv(20) @ 36700000: drv [my_driver] data is drived
UVM_INFO my_driver.sv(20) @ 36900000: drv [my_driver] data is drived
UVM_INFO my_driver.sv(20) @ 37100000: drv [my_driver] data is drived
UVM_INFO my_driver.sv(20) @ 37300000: drv [my_driver] data is drived
UVM_INFO my_driver.sv(20) @ 37500000: drv [my_driver] data is drived
UVM_INFO my_driver.sv(20) @ 37700000: drv [my_driver] data is drived
UVM_INFO my_driver.sv(20) @ 37900000: drv [my_driver] data is drived
UVM_INFO my_driver.sv(20) @ 38100000: drv [my_driver] data is drived
UVM_INFO my_driver.sv(20) @ 38300000: drv [my_driver] data is drived
UVM_INFO my_driver.sv(20) @ 38500000: drv [my_driver] data is drived
UVM_INFO my_driver.sv(20) @ 38700000: drv [my_driver] data is drived
UVM_INFO my_driver.sv(20) @ 38900000: drv [my_driver] data is drived
UVM_INFO my_driver.sv(20) @ 39100000: drv [my_driver] data is drived
UVM_INFO my_driver.sv(20) @ 39300000: drv [my_driver] data is drived
UVM_INFO my_driver.sv(20) @ 39500000: drv [my_driver] data is drived
UVM_INFO my_driver.sv(20) @ 39700000: drv [my_driver] data is drived
UVM_INFO my_driver.sv(20) @ 39900000: drv [my_driver] data is drived
UVM_INFO my_driver.sv(20) @ 40100000: drv [my_driver] data is drived
UVM_INFO my_driver.sv(20) @ 40300000: drv [my_driver] data is drived
UVM_INFO my_driver.sv(20) @ 40500000: drv [my_driver] data is drived
UVM_INFO my_driver.sv(20) @ 40700000: drv [my_driver] data is drived
UVM_INFO my_driver.sv(20) @ 40900000: drv [my_driver] data is drived
UVM_INFO my_driver.sv(20) @ 41100000: drv [my_driver] data is drived
UVM_INFO my_driver.sv(20) @ 41300000: drv [my_driver] data is drived
UVM_INFO my_driver.sv(20) @ 41500000: drv [my_driver] data is drived
UVM_INFO my_driver.sv(20) @ 41700000: drv [my_driver] data is drived
UVM_INFO my_driver.sv(20) @ 41900000: drv [my_driver] data is drived
UVM_INFO my_driver.sv(20) @ 42100000: drv [my_driver] data is drived
UVM_INFO my_driver.sv(20) @ 42300000: drv [my_driver] data is drived
UVM_INFO my_driver.sv(20) @ 42500000: drv [my_driver] data is drived
UVM_INFO my_driver.sv(20) @ 42700000: drv [my_driver] data is drived
UVM_INFO my_driver.sv(20) @ 42900000: drv [my_driver] data is drived
UVM_INFO my_driver.sv(20) @ 43100000: drv [my_driver] data is drived
UVM_INFO my_driver.sv(20) @ 43300000: drv [my_driver] data is drived
UVM_INFO my_driver.sv(20) @ 43500000: drv [my_driver] data is drived
UVM_INFO my_driver.sv(20) @ 43700000: drv [my_driver] data is drived
UVM_INFO my_driver.sv(20) @ 43900000: drv [my_driver] data is drived
UVM_INFO my_driver.sv(20) @ 44100000: drv [my_driver] data is drived
UVM_INFO my_driver.sv(20) @ 44300000: drv [my_driver] data is drived
UVM_INFO my_driver.sv(20) @ 44500000: drv [my_driver] data is drived
UVM_INFO my_driver.sv(20) @ 44700000: drv [my_driver] data is drived
UVM_INFO my_driver.sv(20) @ 44900000: drv [my_driver] data is drived
UVM_INFO my_driver.sv(20) @ 45100000: drv [my_driver] data is drived
UVM_INFO my_driver.sv(20) @ 45300000: drv [my_driver] data is drived
UVM_INFO my_driver.sv(20) @ 45500000: drv [my_driver] data is drived
UVM_INFO my_driver.sv(20) @ 45700000: drv [my_driver] data is drived
UVM_INFO my_driver.sv(20) @ 45900000: drv [my_driver] data is drived
UVM_INFO my_driver.sv(20) @ 46100000: drv [my_driver] data is drived
UVM_INFO my_driver.sv(20) @ 46300000: drv [my_driver] data is drived
UVM_INFO my_driver.sv(20) @ 46500000: drv [my_driver] data is drived
UVM_INFO my_driver.sv(20) @ 46700000: drv [my_driver] data is drived
UVM_INFO my_driver.sv(20) @ 46900000: drv [my_driver] data is drived
UVM_INFO my_driver.sv(20) @ 47100000: drv [my_driver] data is drived
UVM_INFO my_driver.sv(20) @ 47300000: drv [my_driver] data is drived
UVM_INFO my_driver.sv(20) @ 47500000: drv [my_driver] data is drived
UVM_INFO my_driver.sv(20) @ 47700000: drv [my_driver] data is drived
UVM_INFO my_driver.sv(20) @ 47900000: drv [my_driver] data is drived
UVM_INFO my_driver.sv(20) @ 48100000: drv [my_driver] data is drived
UVM_INFO my_driver.sv(20) @ 48300000: drv [my_driver] data is drived
UVM_INFO my_driver.sv(20) @ 48500000: drv [my_driver] data is drived
UVM_INFO my_driver.sv(20) @ 48700000: drv [my_driver] data is drived
UVM_INFO my_driver.sv(20) @ 48900000: drv [my_driver] data is drived
UVM_INFO my_driver.sv(20) @ 49100000: drv [my_driver] data is drived
UVM_INFO my_driver.sv(20) @ 49300000: drv [my_driver] data is drived
UVM_INFO my_driver.sv(20) @ 49500000: drv [my_driver] data is drived
UVM_INFO my_driver.sv(20) @ 49700000: drv [my_driver] data is drived
UVM_INFO my_driver.sv(20) @ 49900000: drv [my_driver] data is drived
UVM_INFO my_driver.sv(20) @ 50100000: drv [my_driver] data is drived
UVM_INFO my_driver.sv(20) @ 50300000: drv [my_driver] data is drived
UVM_INFO my_driver.sv(20) @ 50500000: drv [my_driver] data is drived
UVM_INFO my_driver.sv(20) @ 50700000: drv [my_driver] data is drived
UVM_INFO my_driver.sv(20) @ 50900000: drv [my_driver] data is drived
UVM_INFO my_driver.sv(20) @ 51100000: drv [my_driver] data is drived
$finish called from file "top_tb.sv", line 27.
$finish at simulation time             51300000
           V C S   S i m u l a t i o n   R e p o r t 
Time: 51300000 ps
CPU Time:      0.240 seconds;       Data structure size:   0.1Mb
Wed Mar 10 09:32:49 2021
