Command: ./simv -l vcs_sim.log
Chronologic VCS simulator copyright 1991-2016
Contains Synopsys proprietary information.
Compiler version L-2016.06_Full64; Runtime version L-2016.06_Full64;  Oct 23 09:27 2020
----------------------------------------------------------------
UVM-1.1d
(C) 2007-2013 Mentor Graphics Corporation
(C) 2007-2013 Cadence Design Systems, Inc.
(C) 2006-2013 Synopsys, Inc.
(C) 2011-2013 Cypress Semiconductor Corp.
----------------------------------------------------------------

  ***********       IMPORTANT RELEASE NOTES         ************

  You are using a version of the UVM library that has been compiled
  with `UVM_NO_DEPRECATED undefined.
  See http://www.eda.org/svdb/view.php?id=3313 for more details.

  You are using a version of the UVM library that has been compiled
  with `UVM_OBJECT_MUST_HAVE_CONSTRUCTOR undefined.
  See http://www.eda.org/svdb/view.php?id=3770 for more details.

      (Specify +UVM_NO_RELNOTES to turn off this notice)

UVM_INFO @ 0: reporter [RNTST] Running test my_env...
UVM_INFO my_driver.sv(71) @ 1100000: uvm_test_top.drv [my_driver] begin to drive one pkt
UVM_INFO my_monitor.sv(38) @ 2100000: uvm_test_top.i_mon [my_monitor] begin to collect one pkt
UVM_INFO my_monitor.sv(38) @ 2300000: uvm_test_top.o_mon [my_monitor] begin to collect one pkt
UVM_INFO my_driver.sv(82) @ 45500000: uvm_test_top.drv [my_driver] end drive one pkt
UVM_INFO my_driver.sv(71) @ 45500000: uvm_test_top.drv [my_driver] begin to drive one pkt
UVM_INFO my_monitor.sv(66) @ 45700000: uvm_test_top.i_mon [my_monitor] end collect one pkt, print it:
dmac = 2dc9221cccaa
smac = 8f5da73c4de9
ether_type = eaf
pload[0] = 22
pload[1] = 35
pload[2] = 81
pload[3] = d6
pload[4] = 6d
pload[5] = a5
pload[6] = ef
pload[7] = dc
pload[8] = 5d
pload[9] = 66
pload[10] = 20
pload[11] = 2a
pload[12] = c
pload[13] = a1
pload[14] = a9
pload[15] = 70
pload[16] = a9
pload[17] = 99
pload[18] = e3
pload[19] = 20
pload[20] = f5
pload[21] = 1a
pload[22] = a6
pload[23] = b8
pload[24] = af
pload[25] = d4
pload[26] = 31
pload[27] = d5
pload[28] = 1e
pload[29] = 71
pload[30] = e0
pload[31] = f
pload[32] = 26
pload[33] = 24
pload[34] = 2b
pload[35] = 60
pload[36] = ce
pload[37] = f5
pload[38] = ae
pload[39] = c8
pload[40] = 9f
pload[41] = d4
pload[42] = b7
pload[43] = 1e
pload[44] = f2
pload[45] = f3
pload[46] = ec
pload[47] = bd
pload[48] = 35
pload[49] = 73
pload[50] = 6f
pload[51] = 26
pload[52] = 4c
pload[53] = b3
pload[54] = 50
pload[55] = 30
pload[56] = 77
pload[57] = 73
pload[58] = 1
pload[59] = 6d
pload[60] = 5c
pload[61] = 22
pload[62] = 32
pload[63] = 9c
pload[64] = 4a
pload[65] = da
pload[66] = 69
pload[67] = 98
pload[68] = 69
pload[69] = 9b
pload[70] = e3
pload[71] = e2
pload[72] = be
pload[73] = 8
pload[74] = 2b
pload[75] = 67
pload[76] = cb
pload[77] = 4a
pload[78] = d
pload[79] = 36
pload[80] = d3
pload[81] = 97
pload[82] = 97
pload[83] = 3b
pload[84] = e5
pload[85] = 12
pload[86] = 7d
pload[87] = be
pload[88] = b9
pload[89] = 7
pload[90] = 10
pload[91] = 1d
pload[92] = 57
pload[93] = 6f
pload[94] = 95
pload[95] = 9c
pload[96] = 8e
pload[97] = 4a
pload[98] = b1
pload[99] = c1
pload[100] = 40
pload[101] = 45
pload[102] = d0
pload[103] = d2
pload[104] = e0
pload[105] = 3e
pload[106] = 25
pload[107] = d7
pload[108] = 3d
pload[109] = 81
pload[110] = 4e
pload[111] = 2d
pload[112] = 52
pload[113] = 20
pload[114] = cd
pload[115] = a
pload[116] = 9f
pload[117] = b1
pload[118] = 8d
pload[119] = f
pload[120] = 92
pload[121] = b2
pload[122] = ae
pload[123] = 1c
pload[124] = a6
pload[125] = 5b
pload[126] = e4
pload[127] = 69
pload[128] = 83
pload[129] = 43
pload[130] = 79
pload[131] = 89
pload[132] = 57
pload[133] = d6
pload[134] = a4
pload[135] = 26
pload[136] = c7
pload[137] = e9
pload[138] = 5e
pload[139] = 89
pload[140] = f8
pload[141] = c7
pload[142] = 58
pload[143] = 48
pload[144] = 4e
pload[145] = 18
pload[146] = 2b
pload[147] = 38
pload[148] = 60
pload[149] = 34
pload[150] = 87
pload[151] = 72
pload[152] = 7a
pload[153] = f2
pload[154] = 6
pload[155] = 35
pload[156] = 7c
pload[157] = a3
pload[158] = ce
pload[159] = 1f
pload[160] = 47
pload[161] = 29
pload[162] = a6
pload[163] = c2
pload[164] = fb
pload[165] = 12
pload[166] = 61
pload[167] = 34
pload[168] = 67
pload[169] = e2
pload[170] = dd
pload[171] = a0
pload[172] = 70
pload[173] = 6
pload[174] = c2
pload[175] = 94
pload[176] = 7b
pload[177] = 22
pload[178] = d4
pload[179] = 85
pload[180] = 8e
pload[181] = bc
pload[182] = c5
pload[183] = 5d
pload[184] = c8
pload[185] = 5e
pload[186] = 18
pload[187] = 7a
pload[188] = 8
pload[189] = bf
pload[190] = 70
pload[191] = 68
pload[192] = 26
pload[193] = 2f
pload[194] = 86
pload[195] = a5
pload[196] = 5
pload[197] = 4
pload[198] = 3b
pload[199] = 2d
crc = 0
UVM_INFO my_monitor.sv(66) @ 45900000: uvm_test_top.o_mon [my_monitor] end collect one pkt, print it:
dmac = 2dc9221cccaa
smac = 8f5da73c4de9
ether_type = eaf
pload[0] = 22
pload[1] = 35
pload[2] = 81
pload[3] = d6
pload[4] = 6d
pload[5] = a5
pload[6] = ef
pload[7] = dc
pload[8] = 5d
pload[9] = 66
pload[10] = 20
pload[11] = 2a
pload[12] = c
pload[13] = a1
pload[14] = a9
pload[15] = 70
pload[16] = a9
pload[17] = 99
pload[18] = e3
pload[19] = 20
pload[20] = f5
pload[21] = 1a
pload[22] = a6
pload[23] = b8
pload[24] = af
pload[25] = d4
pload[26] = 31
pload[27] = d5
pload[28] = 1e
pload[29] = 71
pload[30] = e0
pload[31] = f
pload[32] = 26
pload[33] = 24
pload[34] = 2b
pload[35] = 60
pload[36] = ce
pload[37] = f5
pload[38] = ae
pload[39] = c8
pload[40] = 9f
pload[41] = d4
pload[42] = b7
pload[43] = 1e
pload[44] = f2
pload[45] = f3
pload[46] = ec
pload[47] = bd
pload[48] = 35
pload[49] = 73
pload[50] = 6f
pload[51] = 26
pload[52] = 4c
pload[53] = b3
pload[54] = 50
pload[55] = 30
pload[56] = 77
pload[57] = 73
pload[58] = 1
pload[59] = 6d
pload[60] = 5c
pload[61] = 22
pload[62] = 32
pload[63] = 9c
pload[64] = 4a
pload[65] = da
pload[66] = 69
pload[67] = 98
pload[68] = 69
pload[69] = 9b
pload[70] = e3
pload[71] = e2
pload[72] = be
pload[73] = 8
pload[74] = 2b
pload[75] = 67
pload[76] = cb
pload[77] = 4a
pload[78] = d
pload[79] = 36
pload[80] = d3
pload[81] = 97
pload[82] = 97
pload[83] = 3b
pload[84] = e5
pload[85] = 12
pload[86] = 7d
pload[87] = be
pload[88] = b9
pload[89] = 7
pload[90] = 10
pload[91] = 1d
pload[92] = 57
pload[93] = 6f
pload[94] = 95
pload[95] = 9c
pload[96] = 8e
pload[97] = 4a
pload[98] = b1
pload[99] = c1
pload[100] = 40
pload[101] = 45
pload[102] = d0
pload[103] = d2
pload[104] = e0
pload[105] = 3e
pload[106] = 25
pload[107] = d7
pload[108] = 3d
pload[109] = 81
pload[110] = 4e
pload[111] = 2d
pload[112] = 52
pload[113] = 20
pload[114] = cd
pload[115] = a
pload[116] = 9f
pload[117] = b1
pload[118] = 8d
pload[119] = f
pload[120] = 92
pload[121] = b2
pload[122] = ae
pload[123] = 1c
pload[124] = a6
pload[125] = 5b
pload[126] = e4
pload[127] = 69
pload[128] = 83
pload[129] = 43
pload[130] = 79
pload[131] = 89
pload[132] = 57
pload[133] = d6
pload[134] = a4
pload[135] = 26
pload[136] = c7
pload[137] = e9
pload[138] = 5e
pload[139] = 89
pload[140] = f8
pload[141] = c7
pload[142] = 58
pload[143] = 48
pload[144] = 4e
pload[145] = 18
pload[146] = 2b
pload[147] = 38
pload[148] = 60
pload[149] = 34
pload[150] = 87
pload[151] = 72
pload[152] = 7a
pload[153] = f2
pload[154] = 6
pload[155] = 35
pload[156] = 7c
pload[157] = a3
pload[158] = ce
pload[159] = 1f
pload[160] = 47
pload[161] = 29
pload[162] = a6
pload[163] = c2
pload[164] = fb
pload[165] = 12
pload[166] = 61
pload[167] = 34
pload[168] = 67
pload[169] = e2
pload[170] = dd
pload[171] = a0
pload[172] = 70
pload[173] = 6
pload[174] = c2
pload[175] = 94
pload[176] = 7b
pload[177] = 22
pload[178] = d4
pload[179] = 85
pload[180] = 8e
pload[181] = bc
pload[182] = c5
pload[183] = 5d
pload[184] = c8
pload[185] = 5e
pload[186] = 18
pload[187] = 7a
pload[188] = 8
pload[189] = bf
pload[190] = 70
pload[191] = 68
pload[192] = 26
pload[193] = 2f
pload[194] = 86
pload[195] = a5
pload[196] = 5
pload[197] = 4
pload[198] = 3b
pload[199] = 2d
crc = 0
UVM_INFO my_monitor.sv(38) @ 46500000: uvm_test_top.i_mon [my_monitor] begin to collect one pkt
UVM_INFO my_monitor.sv(38) @ 46700000: uvm_test_top.o_mon [my_monitor] begin to collect one pkt
UVM_INFO my_driver.sv(82) @ 89900000: uvm_test_top.drv [my_driver] end drive one pkt
UVM_INFO my_monitor.sv(66) @ 90100000: uvm_test_top.i_mon [my_monitor] end collect one pkt, print it:
dmac = b586b80283a1
smac = 6cdb0a1da4d1
ether_type = e7dd
pload[0] = 5c
pload[1] = ee
pload[2] = 82
pload[3] = d5
pload[4] = 43
pload[5] = 25
pload[6] = f4
pload[7] = da
pload[8] = b9
pload[9] = 5b
pload[10] = 64
pload[11] = 37
pload[12] = 40
pload[13] = b2
pload[14] = 79
pload[15] = 93
pload[16] = 36
pload[17] = c9
pload[18] = e
pload[19] = d6
pload[20] = 4f
pload[21] = 9d
pload[22] = 6d
pload[23] = 80
pload[24] = f5
pload[25] = 4d
pload[26] = 23
pload[27] = 26
pload[28] = e3
pload[29] = d2
pload[30] = 40
pload[31] = c1
pload[32] = 71
pload[33] = 79
pload[34] = 9f
pload[35] = 6a
pload[36] = 1e
pload[37] = c3
pload[38] = ef
pload[39] = f9
pload[40] = 1b
pload[41] = 7
pload[42] = 1d
pload[43] = f9
pload[44] = f7
pload[45] = 2c
pload[46] = 20
pload[47] = 83
pload[48] = fb
pload[49] = 7b
pload[50] = 3d
pload[51] = 11
pload[52] = 3e
pload[53] = 11
pload[54] = 52
pload[55] = b1
pload[56] = 81
pload[57] = fa
pload[58] = a3
pload[59] = ca
pload[60] = f6
pload[61] = 43
pload[62] = cf
pload[63] = 9c
pload[64] = 71
pload[65] = b7
pload[66] = 78
pload[67] = 39
pload[68] = ef
pload[69] = 79
pload[70] = 20
pload[71] = 66
pload[72] = 65
pload[73] = a6
pload[74] = 2
pload[75] = 8f
pload[76] = b0
pload[77] = 43
pload[78] = ef
pload[79] = 1
pload[80] = 83
pload[81] = fb
pload[82] = 84
pload[83] = 5e
pload[84] = 8c
pload[85] = b4
pload[86] = 4
pload[87] = 81
pload[88] = 39
pload[89] = 63
pload[90] = d4
pload[91] = f8
pload[92] = ab
pload[93] = cf
pload[94] = aa
pload[95] = 5a
pload[96] = 5c
pload[97] = 8a
pload[98] = a8
pload[99] = 6f
pload[100] = 53
pload[101] = 2b
pload[102] = f4
pload[103] = 65
pload[104] = 32
pload[105] = b5
pload[106] = 62
pload[107] = fa
pload[108] = 89
pload[109] = 63
pload[110] = 64
pload[111] = 24
pload[112] = d9
pload[113] = 17
pload[114] = 64
pload[115] = db
pload[116] = 68
pload[117] = bb
pload[118] = f7
pload[119] = 97
pload[120] = 52
pload[121] = 4f
pload[122] = a5
pload[123] = 99
pload[124] = a9
pload[125] = 38
pload[126] = b3
pload[127] = 14
pload[128] = 68
pload[129] = 33
pload[130] = bc
pload[131] = b2
pload[132] = 12
pload[133] = 31
pload[134] = b5
pload[135] = 7f
pload[136] = 14
pload[137] = f6
pload[138] = e1
pload[139] = cb
pload[140] = 95
pload[141] = 9e
pload[142] = 3
pload[143] = 4d
pload[144] = 3
pload[145] = f2
pload[146] = d7
pload[147] = 7
pload[148] = 9
pload[149] = 1c
pload[150] = ee
pload[151] = 74
pload[152] = b7
pload[153] = 8f
pload[154] = dc
pload[155] = 32
pload[156] = c2
pload[157] = f1
pload[158] = e
pload[159] = e1
pload[160] = 88
pload[161] = a1
pload[162] = 40
pload[163] = 53
pload[164] = 70
pload[165] = 0
pload[166] = 93
pload[167] = ce
pload[168] = 71
pload[169] = ef
pload[170] = 32
pload[171] = 76
pload[172] = 7a
pload[173] = bf
pload[174] = 63
pload[175] = e8
pload[176] = 5
pload[177] = b1
pload[178] = a3
pload[179] = 28
pload[180] = 2d
pload[181] = 74
pload[182] = fe
pload[183] = 5b
pload[184] = 5f
pload[185] = f6
pload[186] = d
pload[187] = c5
pload[188] = 66
pload[189] = cf
pload[190] = b5
pload[191] = 48
pload[192] = 55
pload[193] = 3e
pload[194] = ea
pload[195] = 2f
pload[196] = 2b
pload[197] = e8
pload[198] = 4f
pload[199] = b5
crc = 0
UVM_INFO my_monitor.sv(66) @ 90300000: uvm_test_top.o_mon [my_monitor] end collect one pkt, print it:
dmac = b586b80283a1
smac = 6cdb0a1da4d1
ether_type = e7dd
pload[0] = 5c
pload[1] = ee
pload[2] = 82
pload[3] = d5
pload[4] = 43
pload[5] = 25
pload[6] = f4
pload[7] = da
pload[8] = b9
pload[9] = 5b
pload[10] = 64
pload[11] = 37
pload[12] = 40
pload[13] = b2
pload[14] = 79
pload[15] = 93
pload[16] = 36
pload[17] = c9
pload[18] = e
pload[19] = d6
pload[20] = 4f
pload[21] = 9d
pload[22] = 6d
pload[23] = 80
pload[24] = f5
pload[25] = 4d
pload[26] = 23
pload[27] = 26
pload[28] = e3
pload[29] = d2
pload[30] = 40
pload[31] = c1
pload[32] = 71
pload[33] = 79
pload[34] = 9f
pload[35] = 6a
pload[36] = 1e
pload[37] = c3
pload[38] = ef
pload[39] = f9
pload[40] = 1b
pload[41] = 7
pload[42] = 1d
pload[43] = f9
pload[44] = f7
pload[45] = 2c
pload[46] = 20
pload[47] = 83
pload[48] = fb
pload[49] = 7b
pload[50] = 3d
pload[51] = 11
pload[52] = 3e
pload[53] = 11
pload[54] = 52
pload[55] = b1
pload[56] = 81
pload[57] = fa
pload[58] = a3
pload[59] = ca
pload[60] = f6
pload[61] = 43
pload[62] = cf
pload[63] = 9c
pload[64] = 71
pload[65] = b7
pload[66] = 78
pload[67] = 39
pload[68] = ef
pload[69] = 79
pload[70] = 20
pload[71] = 66
pload[72] = 65
pload[73] = a6
pload[74] = 2
pload[75] = 8f
pload[76] = b0
pload[77] = 43
pload[78] = ef
pload[79] = 1
pload[80] = 83
pload[81] = fb
pload[82] = 84
pload[83] = 5e
pload[84] = 8c
pload[85] = b4
pload[86] = 4
pload[87] = 81
pload[88] = 39
pload[89] = 63
pload[90] = d4
pload[91] = f8
pload[92] = ab
pload[93] = cf
pload[94] = aa
pload[95] = 5a
pload[96] = 5c
pload[97] = 8a
pload[98] = a8
pload[99] = 6f
pload[100] = 53
pload[101] = 2b
pload[102] = f4
pload[103] = 65
pload[104] = 32
pload[105] = b5
pload[106] = 62
pload[107] = fa
pload[108] = 89
pload[109] = 63
pload[110] = 64
pload[111] = 24
pload[112] = d9
pload[113] = 17
pload[114] = 64
pload[115] = db
pload[116] = 68
pload[117] = bb
pload[118] = f7
pload[119] = 97
pload[120] = 52
pload[121] = 4f
pload[122] = a5
pload[123] = 99
pload[124] = a9
pload[125] = 38
pload[126] = b3
pload[127] = 14
pload[128] = 68
pload[129] = 33
pload[130] = bc
pload[131] = b2
pload[132] = 12
pload[133] = 31
pload[134] = b5
pload[135] = 7f
pload[136] = 14
pload[137] = f6
pload[138] = e1
pload[139] = cb
pload[140] = 95
pload[141] = 9e
pload[142] = 3
pload[143] = 4d
pload[144] = 3
pload[145] = f2
pload[146] = d7
pload[147] = 7
pload[148] = 9
pload[149] = 1c
pload[150] = ee
pload[151] = 74
pload[152] = b7
pload[153] = 8f
pload[154] = dc
pload[155] = 32
pload[156] = c2
pload[157] = f1
pload[158] = e
pload[159] = e1
pload[160] = 88
pload[161] = a1
pload[162] = 40
pload[163] = 53
pload[164] = 70
pload[165] = 0
pload[166] = 93
pload[167] = ce
pload[168] = 71
pload[169] = ef
pload[170] = 32
pload[171] = 76
pload[172] = 7a
pload[173] = bf
pload[174] = 63
pload[175] = e8
pload[176] = 5
pload[177] = b1
pload[178] = a3
pload[179] = 28
pload[180] = 2d
pload[181] = 74
pload[182] = fe
pload[183] = 5b
pload[184] = 5f
pload[185] = f6
pload[186] = d
pload[187] = c5
pload[188] = 66
pload[189] = cf
pload[190] = b5
pload[191] = 48
pload[192] = 55
pload[193] = 3e
pload[194] = ea
pload[195] = 2f
pload[196] = 2b
pload[197] = e8
pload[198] = 4f
pload[199] = b5
crc = 0

--- UVM Report Summary ---

** Report counts by severity
UVM_INFO :   13
UVM_WARNING :    0
UVM_ERROR :    0
UVM_FATAL :    0
** Report counts by id
[RNTST]     1
[my_driver]     4
[my_monitor]     8
$finish called from file "/home/hao/wrk/my_uvm/uvm-1.1d/src/base/uvm_root.svh", line 430.
$finish at simulation time             90900000
           V C S   S i m u l a t i o n   R e p o r t 
Time: 90900000 ps
CPU Time:      0.270 seconds;       Data structure size:   0.2Mb
Fri Oct 23 09:27:56 2020
