Command: ./simv -l vcs_sim.log
Chronologic VCS simulator copyright 1991-2016
Contains Synopsys proprietary information.
Compiler version L-2016.06_Full64; Runtime version L-2016.06_Full64;  Oct 23 09:07 2020
----------------------------------------------------------------
UVM-1.1d
(C) 2007-2013 Mentor Graphics Corporation
(C) 2007-2013 Cadence Design Systems, Inc.
(C) 2006-2013 Synopsys, Inc.
(C) 2011-2013 Cypress Semiconductor Corp.
----------------------------------------------------------------

  ***********       IMPORTANT RELEASE NOTES         ************

  You are using a version of the UVM library that has been compiled
  with `UVM_NO_DEPRECATED undefined.
  See http://www.eda.org/svdb/view.php?id=3313 for more details.

  You are using a version of the UVM library that has been compiled
  with `UVM_OBJECT_MUST_HAVE_CONSTRUCTOR undefined.
  See http://www.eda.org/svdb/view.php?id=3770 for more details.

      (Specify +UVM_NO_RELNOTES to turn off this notice)

UVM_INFO my_driver.sv(8) @ 0: uvm_test_top [my_driver] new is called
UVM_INFO @ 0: reporter [RNTST] Running test my_driver...
UVM_INFO my_driver.sv(15) @ 0: uvm_test_top [my_driver] main_phase is called
UVM_INFO my_driver.sv(24) @ 1300000: uvm_test_top [my_driver] data is drived
UVM_INFO my_driver.sv(24) @ 1500000: uvm_test_top [my_driver] data is drived
UVM_INFO my_driver.sv(24) @ 1700000: uvm_test_top [my_driver] data is drived
UVM_INFO my_driver.sv(24) @ 1900000: uvm_test_top [my_driver] data is drived
UVM_INFO my_driver.sv(24) @ 2100000: uvm_test_top [my_driver] data is drived
UVM_INFO my_driver.sv(24) @ 2300000: uvm_test_top [my_driver] data is drived
UVM_INFO my_driver.sv(24) @ 2500000: uvm_test_top [my_driver] data is drived
UVM_INFO my_driver.sv(24) @ 2700000: uvm_test_top [my_driver] data is drived
UVM_INFO my_driver.sv(24) @ 2900000: uvm_test_top [my_driver] data is drived
UVM_INFO my_driver.sv(24) @ 3100000: uvm_test_top [my_driver] data is drived
UVM_INFO my_driver.sv(24) @ 3300000: uvm_test_top [my_driver] data is drived
UVM_INFO my_driver.sv(24) @ 3500000: uvm_test_top [my_driver] data is drived
UVM_INFO my_driver.sv(24) @ 3700000: uvm_test_top [my_driver] data is drived
UVM_INFO my_driver.sv(24) @ 3900000: uvm_test_top [my_driver] data is drived
UVM_INFO my_driver.sv(24) @ 4100000: uvm_test_top [my_driver] data is drived
UVM_INFO my_driver.sv(24) @ 4300000: uvm_test_top [my_driver] data is drived
UVM_INFO my_driver.sv(24) @ 4500000: uvm_test_top [my_driver] data is drived
UVM_INFO my_driver.sv(24) @ 4700000: uvm_test_top [my_driver] data is drived
UVM_INFO my_driver.sv(24) @ 4900000: uvm_test_top [my_driver] data is drived
UVM_INFO my_driver.sv(24) @ 5100000: uvm_test_top [my_driver] data is drived
UVM_INFO my_driver.sv(24) @ 5300000: uvm_test_top [my_driver] data is drived
UVM_INFO my_driver.sv(24) @ 5500000: uvm_test_top [my_driver] data is drived
UVM_INFO my_driver.sv(24) @ 5700000: uvm_test_top [my_driver] data is drived
UVM_INFO my_driver.sv(24) @ 5900000: uvm_test_top [my_driver] data is drived
UVM_INFO my_driver.sv(24) @ 6100000: uvm_test_top [my_driver] data is drived
UVM_INFO my_driver.sv(24) @ 6300000: uvm_test_top [my_driver] data is drived
UVM_INFO my_driver.sv(24) @ 6500000: uvm_test_top [my_driver] data is drived
UVM_INFO my_driver.sv(24) @ 6700000: uvm_test_top [my_driver] data is drived
UVM_INFO my_driver.sv(24) @ 6900000: uvm_test_top [my_driver] data is drived
UVM_INFO my_driver.sv(24) @ 7100000: uvm_test_top [my_driver] data is drived
UVM_INFO my_driver.sv(24) @ 7300000: uvm_test_top [my_driver] data is drived
UVM_INFO my_driver.sv(24) @ 7500000: uvm_test_top [my_driver] data is drived
UVM_INFO my_driver.sv(24) @ 7700000: uvm_test_top [my_driver] data is drived
UVM_INFO my_driver.sv(24) @ 7900000: uvm_test_top [my_driver] data is drived
UVM_INFO my_driver.sv(24) @ 8100000: uvm_test_top [my_driver] data is drived
UVM_INFO my_driver.sv(24) @ 8300000: uvm_test_top [my_driver] data is drived
UVM_INFO my_driver.sv(24) @ 8500000: uvm_test_top [my_driver] data is drived
UVM_INFO my_driver.sv(24) @ 8700000: uvm_test_top [my_driver] data is drived
UVM_INFO my_driver.sv(24) @ 8900000: uvm_test_top [my_driver] data is drived
UVM_INFO my_driver.sv(24) @ 9100000: uvm_test_top [my_driver] data is drived
UVM_INFO my_driver.sv(24) @ 9300000: uvm_test_top [my_driver] data is drived
UVM_INFO my_driver.sv(24) @ 9500000: uvm_test_top [my_driver] data is drived
UVM_INFO my_driver.sv(24) @ 9700000: uvm_test_top [my_driver] data is drived
UVM_INFO my_driver.sv(24) @ 9900000: uvm_test_top [my_driver] data is drived
UVM_INFO my_driver.sv(24) @ 10100000: uvm_test_top [my_driver] data is drived
UVM_INFO my_driver.sv(24) @ 10300000: uvm_test_top [my_driver] data is drived
UVM_INFO my_driver.sv(24) @ 10500000: uvm_test_top [my_driver] data is drived
UVM_INFO my_driver.sv(24) @ 10700000: uvm_test_top [my_driver] data is drived
UVM_INFO my_driver.sv(24) @ 10900000: uvm_test_top [my_driver] data is drived
UVM_INFO my_driver.sv(24) @ 11100000: uvm_test_top [my_driver] data is drived
UVM_INFO my_driver.sv(24) @ 11300000: uvm_test_top [my_driver] data is drived
UVM_INFO my_driver.sv(24) @ 11500000: uvm_test_top [my_driver] data is drived
UVM_INFO my_driver.sv(24) @ 11700000: uvm_test_top [my_driver] data is drived
UVM_INFO my_driver.sv(24) @ 11900000: uvm_test_top [my_driver] data is drived
UVM_INFO my_driver.sv(24) @ 12100000: uvm_test_top [my_driver] data is drived
UVM_INFO my_driver.sv(24) @ 12300000: uvm_test_top [my_driver] data is drived
UVM_INFO my_driver.sv(24) @ 12500000: uvm_test_top [my_driver] data is drived
UVM_INFO my_driver.sv(24) @ 12700000: uvm_test_top [my_driver] data is drived
UVM_INFO my_driver.sv(24) @ 12900000: uvm_test_top [my_driver] data is drived
UVM_INFO my_driver.sv(24) @ 13100000: uvm_test_top [my_driver] data is drived
UVM_INFO my_driver.sv(24) @ 13300000: uvm_test_top [my_driver] data is drived
UVM_INFO my_driver.sv(24) @ 13500000: uvm_test_top [my_driver] data is drived
UVM_INFO my_driver.sv(24) @ 13700000: uvm_test_top [my_driver] data is drived
UVM_INFO my_driver.sv(24) @ 13900000: uvm_test_top [my_driver] data is drived
UVM_INFO my_driver.sv(24) @ 14100000: uvm_test_top [my_driver] data is drived
UVM_INFO my_driver.sv(24) @ 14300000: uvm_test_top [my_driver] data is drived
UVM_INFO my_driver.sv(24) @ 14500000: uvm_test_top [my_driver] data is drived
UVM_INFO my_driver.sv(24) @ 14700000: uvm_test_top [my_driver] data is drived
UVM_INFO my_driver.sv(24) @ 14900000: uvm_test_top [my_driver] data is drived
UVM_INFO my_driver.sv(24) @ 15100000: uvm_test_top [my_driver] data is drived
UVM_INFO my_driver.sv(24) @ 15300000: uvm_test_top [my_driver] data is drived
UVM_INFO my_driver.sv(24) @ 15500000: uvm_test_top [my_driver] data is drived
UVM_INFO my_driver.sv(24) @ 15700000: uvm_test_top [my_driver] data is drived
UVM_INFO my_driver.sv(24) @ 15900000: uvm_test_top [my_driver] data is drived
UVM_INFO my_driver.sv(24) @ 16100000: uvm_test_top [my_driver] data is drived
UVM_INFO my_driver.sv(24) @ 16300000: uvm_test_top [my_driver] data is drived
UVM_INFO my_driver.sv(24) @ 16500000: uvm_test_top [my_driver] data is drived
UVM_INFO my_driver.sv(24) @ 16700000: uvm_test_top [my_driver] data is drived
UVM_INFO my_driver.sv(24) @ 16900000: uvm_test_top [my_driver] data is drived
UVM_INFO my_driver.sv(24) @ 17100000: uvm_test_top [my_driver] data is drived
UVM_INFO my_driver.sv(24) @ 17300000: uvm_test_top [my_driver] data is drived
UVM_INFO my_driver.sv(24) @ 17500000: uvm_test_top [my_driver] data is drived
UVM_INFO my_driver.sv(24) @ 17700000: uvm_test_top [my_driver] data is drived
UVM_INFO my_driver.sv(24) @ 17900000: uvm_test_top [my_driver] data is drived
UVM_INFO my_driver.sv(24) @ 18100000: uvm_test_top [my_driver] data is drived
UVM_INFO my_driver.sv(24) @ 18300000: uvm_test_top [my_driver] data is drived
UVM_INFO my_driver.sv(24) @ 18500000: uvm_test_top [my_driver] data is drived
UVM_INFO my_driver.sv(24) @ 18700000: uvm_test_top [my_driver] data is drived
UVM_INFO my_driver.sv(24) @ 18900000: uvm_test_top [my_driver] data is drived
UVM_INFO my_driver.sv(24) @ 19100000: uvm_test_top [my_driver] data is drived
UVM_INFO my_driver.sv(24) @ 19300000: uvm_test_top [my_driver] data is drived
UVM_INFO my_driver.sv(24) @ 19500000: uvm_test_top [my_driver] data is drived
UVM_INFO my_driver.sv(24) @ 19700000: uvm_test_top [my_driver] data is drived
UVM_INFO my_driver.sv(24) @ 19900000: uvm_test_top [my_driver] data is drived
UVM_INFO my_driver.sv(24) @ 20100000: uvm_test_top [my_driver] data is drived
UVM_INFO my_driver.sv(24) @ 20300000: uvm_test_top [my_driver] data is drived
UVM_INFO my_driver.sv(24) @ 20500000: uvm_test_top [my_driver] data is drived
UVM_INFO my_driver.sv(24) @ 20700000: uvm_test_top [my_driver] data is drived
UVM_INFO my_driver.sv(24) @ 20900000: uvm_test_top [my_driver] data is drived
UVM_INFO my_driver.sv(24) @ 21100000: uvm_test_top [my_driver] data is drived
UVM_INFO my_driver.sv(24) @ 21300000: uvm_test_top [my_driver] data is drived
UVM_INFO my_driver.sv(24) @ 21500000: uvm_test_top [my_driver] data is drived
UVM_INFO my_driver.sv(24) @ 21700000: uvm_test_top [my_driver] data is drived
UVM_INFO my_driver.sv(24) @ 21900000: uvm_test_top [my_driver] data is drived
UVM_INFO my_driver.sv(24) @ 22100000: uvm_test_top [my_driver] data is drived
UVM_INFO my_driver.sv(24) @ 22300000: uvm_test_top [my_driver] data is drived
UVM_INFO my_driver.sv(24) @ 22500000: uvm_test_top [my_driver] data is drived
UVM_INFO my_driver.sv(24) @ 22700000: uvm_test_top [my_driver] data is drived
UVM_INFO my_driver.sv(24) @ 22900000: uvm_test_top [my_driver] data is drived
UVM_INFO my_driver.sv(24) @ 23100000: uvm_test_top [my_driver] data is drived
UVM_INFO my_driver.sv(24) @ 23300000: uvm_test_top [my_driver] data is drived
UVM_INFO my_driver.sv(24) @ 23500000: uvm_test_top [my_driver] data is drived
UVM_INFO my_driver.sv(24) @ 23700000: uvm_test_top [my_driver] data is drived
UVM_INFO my_driver.sv(24) @ 23900000: uvm_test_top [my_driver] data is drived
UVM_INFO my_driver.sv(24) @ 24100000: uvm_test_top [my_driver] data is drived
UVM_INFO my_driver.sv(24) @ 24300000: uvm_test_top [my_driver] data is drived
UVM_INFO my_driver.sv(24) @ 24500000: uvm_test_top [my_driver] data is drived
UVM_INFO my_driver.sv(24) @ 24700000: uvm_test_top [my_driver] data is drived
UVM_INFO my_driver.sv(24) @ 24900000: uvm_test_top [my_driver] data is drived
UVM_INFO my_driver.sv(24) @ 25100000: uvm_test_top [my_driver] data is drived
UVM_INFO my_driver.sv(24) @ 25300000: uvm_test_top [my_driver] data is drived
UVM_INFO my_driver.sv(24) @ 25500000: uvm_test_top [my_driver] data is drived
UVM_INFO my_driver.sv(24) @ 25700000: uvm_test_top [my_driver] data is drived
UVM_INFO my_driver.sv(24) @ 25900000: uvm_test_top [my_driver] data is drived
UVM_INFO my_driver.sv(24) @ 26100000: uvm_test_top [my_driver] data is drived
UVM_INFO my_driver.sv(24) @ 26300000: uvm_test_top [my_driver] data is drived
UVM_INFO my_driver.sv(24) @ 26500000: uvm_test_top [my_driver] data is drived
UVM_INFO my_driver.sv(24) @ 26700000: uvm_test_top [my_driver] data is drived
UVM_INFO my_driver.sv(24) @ 26900000: uvm_test_top [my_driver] data is drived
UVM_INFO my_driver.sv(24) @ 27100000: uvm_test_top [my_driver] data is drived
UVM_INFO my_driver.sv(24) @ 27300000: uvm_test_top [my_driver] data is drived
UVM_INFO my_driver.sv(24) @ 27500000: uvm_test_top [my_driver] data is drived
UVM_INFO my_driver.sv(24) @ 27700000: uvm_test_top [my_driver] data is drived
UVM_INFO my_driver.sv(24) @ 27900000: uvm_test_top [my_driver] data is drived
UVM_INFO my_driver.sv(24) @ 28100000: uvm_test_top [my_driver] data is drived
UVM_INFO my_driver.sv(24) @ 28300000: uvm_test_top [my_driver] data is drived
UVM_INFO my_driver.sv(24) @ 28500000: uvm_test_top [my_driver] data is drived
UVM_INFO my_driver.sv(24) @ 28700000: uvm_test_top [my_driver] data is drived
UVM_INFO my_driver.sv(24) @ 28900000: uvm_test_top [my_driver] data is drived
UVM_INFO my_driver.sv(24) @ 29100000: uvm_test_top [my_driver] data is drived
UVM_INFO my_driver.sv(24) @ 29300000: uvm_test_top [my_driver] data is drived
UVM_INFO my_driver.sv(24) @ 29500000: uvm_test_top [my_driver] data is drived
UVM_INFO my_driver.sv(24) @ 29700000: uvm_test_top [my_driver] data is drived
UVM_INFO my_driver.sv(24) @ 29900000: uvm_test_top [my_driver] data is drived
UVM_INFO my_driver.sv(24) @ 30100000: uvm_test_top [my_driver] data is drived
UVM_INFO my_driver.sv(24) @ 30300000: uvm_test_top [my_driver] data is drived
UVM_INFO my_driver.sv(24) @ 30500000: uvm_test_top [my_driver] data is drived
UVM_INFO my_driver.sv(24) @ 30700000: uvm_test_top [my_driver] data is drived
UVM_INFO my_driver.sv(24) @ 30900000: uvm_test_top [my_driver] data is drived
UVM_INFO my_driver.sv(24) @ 31100000: uvm_test_top [my_driver] data is drived
UVM_INFO my_driver.sv(24) @ 31300000: uvm_test_top [my_driver] data is drived
UVM_INFO my_driver.sv(24) @ 31500000: uvm_test_top [my_driver] data is drived
UVM_INFO my_driver.sv(24) @ 31700000: uvm_test_top [my_driver] data is drived
UVM_INFO my_driver.sv(24) @ 31900000: uvm_test_top [my_driver] data is drived
UVM_INFO my_driver.sv(24) @ 32100000: uvm_test_top [my_driver] data is drived
UVM_INFO my_driver.sv(24) @ 32300000: uvm_test_top [my_driver] data is drived
UVM_INFO my_driver.sv(24) @ 32500000: uvm_test_top [my_driver] data is drived
UVM_INFO my_driver.sv(24) @ 32700000: uvm_test_top [my_driver] data is drived
UVM_INFO my_driver.sv(24) @ 32900000: uvm_test_top [my_driver] data is drived
UVM_INFO my_driver.sv(24) @ 33100000: uvm_test_top [my_driver] data is drived
UVM_INFO my_driver.sv(24) @ 33300000: uvm_test_top [my_driver] data is drived
UVM_INFO my_driver.sv(24) @ 33500000: uvm_test_top [my_driver] data is drived
UVM_INFO my_driver.sv(24) @ 33700000: uvm_test_top [my_driver] data is drived
UVM_INFO my_driver.sv(24) @ 33900000: uvm_test_top [my_driver] data is drived
UVM_INFO my_driver.sv(24) @ 34100000: uvm_test_top [my_driver] data is drived
UVM_INFO my_driver.sv(24) @ 34300000: uvm_test_top [my_driver] data is drived
UVM_INFO my_driver.sv(24) @ 34500000: uvm_test_top [my_driver] data is drived
UVM_INFO my_driver.sv(24) @ 34700000: uvm_test_top [my_driver] data is drived
UVM_INFO my_driver.sv(24) @ 34900000: uvm_test_top [my_driver] data is drived
UVM_INFO my_driver.sv(24) @ 35100000: uvm_test_top [my_driver] data is drived
UVM_INFO my_driver.sv(24) @ 35300000: uvm_test_top [my_driver] data is drived
UVM_INFO my_driver.sv(24) @ 35500000: uvm_test_top [my_driver] data is drived
UVM_INFO my_driver.sv(24) @ 35700000: uvm_test_top [my_driver] data is drived
UVM_INFO my_driver.sv(24) @ 35900000: uvm_test_top [my_driver] data is drived
UVM_INFO my_driver.sv(24) @ 36100000: uvm_test_top [my_driver] data is drived
UVM_INFO my_driver.sv(24) @ 36300000: uvm_test_top [my_driver] data is drived
UVM_INFO my_driver.sv(24) @ 36500000: uvm_test_top [my_driver] data is drived
UVM_INFO my_driver.sv(24) @ 36700000: uvm_test_top [my_driver] data is drived
UVM_INFO my_driver.sv(24) @ 36900000: uvm_test_top [my_driver] data is drived
UVM_INFO my_driver.sv(24) @ 37100000: uvm_test_top [my_driver] data is drived
UVM_INFO my_driver.sv(24) @ 37300000: uvm_test_top [my_driver] data is drived
UVM_INFO my_driver.sv(24) @ 37500000: uvm_test_top [my_driver] data is drived
UVM_INFO my_driver.sv(24) @ 37700000: uvm_test_top [my_driver] data is drived
UVM_INFO my_driver.sv(24) @ 37900000: uvm_test_top [my_driver] data is drived
UVM_INFO my_driver.sv(24) @ 38100000: uvm_test_top [my_driver] data is drived
UVM_INFO my_driver.sv(24) @ 38300000: uvm_test_top [my_driver] data is drived
UVM_INFO my_driver.sv(24) @ 38500000: uvm_test_top [my_driver] data is drived
UVM_INFO my_driver.sv(24) @ 38700000: uvm_test_top [my_driver] data is drived
UVM_INFO my_driver.sv(24) @ 38900000: uvm_test_top [my_driver] data is drived
UVM_INFO my_driver.sv(24) @ 39100000: uvm_test_top [my_driver] data is drived
UVM_INFO my_driver.sv(24) @ 39300000: uvm_test_top [my_driver] data is drived
UVM_INFO my_driver.sv(24) @ 39500000: uvm_test_top [my_driver] data is drived
UVM_INFO my_driver.sv(24) @ 39700000: uvm_test_top [my_driver] data is drived
UVM_INFO my_driver.sv(24) @ 39900000: uvm_test_top [my_driver] data is drived
UVM_INFO my_driver.sv(24) @ 40100000: uvm_test_top [my_driver] data is drived
UVM_INFO my_driver.sv(24) @ 40300000: uvm_test_top [my_driver] data is drived
UVM_INFO my_driver.sv(24) @ 40500000: uvm_test_top [my_driver] data is drived
UVM_INFO my_driver.sv(24) @ 40700000: uvm_test_top [my_driver] data is drived
UVM_INFO my_driver.sv(24) @ 40900000: uvm_test_top [my_driver] data is drived
UVM_INFO my_driver.sv(24) @ 41100000: uvm_test_top [my_driver] data is drived
UVM_INFO my_driver.sv(24) @ 41300000: uvm_test_top [my_driver] data is drived
UVM_INFO my_driver.sv(24) @ 41500000: uvm_test_top [my_driver] data is drived
UVM_INFO my_driver.sv(24) @ 41700000: uvm_test_top [my_driver] data is drived
UVM_INFO my_driver.sv(24) @ 41900000: uvm_test_top [my_driver] data is drived
UVM_INFO my_driver.sv(24) @ 42100000: uvm_test_top [my_driver] data is drived
UVM_INFO my_driver.sv(24) @ 42300000: uvm_test_top [my_driver] data is drived
UVM_INFO my_driver.sv(24) @ 42500000: uvm_test_top [my_driver] data is drived
UVM_INFO my_driver.sv(24) @ 42700000: uvm_test_top [my_driver] data is drived
UVM_INFO my_driver.sv(24) @ 42900000: uvm_test_top [my_driver] data is drived
UVM_INFO my_driver.sv(24) @ 43100000: uvm_test_top [my_driver] data is drived
UVM_INFO my_driver.sv(24) @ 43300000: uvm_test_top [my_driver] data is drived
UVM_INFO my_driver.sv(24) @ 43500000: uvm_test_top [my_driver] data is drived
UVM_INFO my_driver.sv(24) @ 43700000: uvm_test_top [my_driver] data is drived
UVM_INFO my_driver.sv(24) @ 43900000: uvm_test_top [my_driver] data is drived
UVM_INFO my_driver.sv(24) @ 44100000: uvm_test_top [my_driver] data is drived
UVM_INFO my_driver.sv(24) @ 44300000: uvm_test_top [my_driver] data is drived
UVM_INFO my_driver.sv(24) @ 44500000: uvm_test_top [my_driver] data is drived
UVM_INFO my_driver.sv(24) @ 44700000: uvm_test_top [my_driver] data is drived
UVM_INFO my_driver.sv(24) @ 44900000: uvm_test_top [my_driver] data is drived
UVM_INFO my_driver.sv(24) @ 45100000: uvm_test_top [my_driver] data is drived
UVM_INFO my_driver.sv(24) @ 45300000: uvm_test_top [my_driver] data is drived
UVM_INFO my_driver.sv(24) @ 45500000: uvm_test_top [my_driver] data is drived
UVM_INFO my_driver.sv(24) @ 45700000: uvm_test_top [my_driver] data is drived
UVM_INFO my_driver.sv(24) @ 45900000: uvm_test_top [my_driver] data is drived
UVM_INFO my_driver.sv(24) @ 46100000: uvm_test_top [my_driver] data is drived
UVM_INFO my_driver.sv(24) @ 46300000: uvm_test_top [my_driver] data is drived
UVM_INFO my_driver.sv(24) @ 46500000: uvm_test_top [my_driver] data is drived
UVM_INFO my_driver.sv(24) @ 46700000: uvm_test_top [my_driver] data is drived
UVM_INFO my_driver.sv(24) @ 46900000: uvm_test_top [my_driver] data is drived
UVM_INFO my_driver.sv(24) @ 47100000: uvm_test_top [my_driver] data is drived
UVM_INFO my_driver.sv(24) @ 47300000: uvm_test_top [my_driver] data is drived
UVM_INFO my_driver.sv(24) @ 47500000: uvm_test_top [my_driver] data is drived
UVM_INFO my_driver.sv(24) @ 47700000: uvm_test_top [my_driver] data is drived
UVM_INFO my_driver.sv(24) @ 47900000: uvm_test_top [my_driver] data is drived
UVM_INFO my_driver.sv(24) @ 48100000: uvm_test_top [my_driver] data is drived
UVM_INFO my_driver.sv(24) @ 48300000: uvm_test_top [my_driver] data is drived
UVM_INFO my_driver.sv(24) @ 48500000: uvm_test_top [my_driver] data is drived
UVM_INFO my_driver.sv(24) @ 48700000: uvm_test_top [my_driver] data is drived
UVM_INFO my_driver.sv(24) @ 48900000: uvm_test_top [my_driver] data is drived
UVM_INFO my_driver.sv(24) @ 49100000: uvm_test_top [my_driver] data is drived
UVM_INFO my_driver.sv(24) @ 49300000: uvm_test_top [my_driver] data is drived
UVM_INFO my_driver.sv(24) @ 49500000: uvm_test_top [my_driver] data is drived
UVM_INFO my_driver.sv(24) @ 49700000: uvm_test_top [my_driver] data is drived
UVM_INFO my_driver.sv(24) @ 49900000: uvm_test_top [my_driver] data is drived
UVM_INFO my_driver.sv(24) @ 50100000: uvm_test_top [my_driver] data is drived
UVM_INFO my_driver.sv(24) @ 50300000: uvm_test_top [my_driver] data is drived
UVM_INFO my_driver.sv(24) @ 50500000: uvm_test_top [my_driver] data is drived
UVM_INFO my_driver.sv(24) @ 50700000: uvm_test_top [my_driver] data is drived
UVM_INFO my_driver.sv(24) @ 50900000: uvm_test_top [my_driver] data is drived
UVM_INFO my_driver.sv(24) @ 51100000: uvm_test_top [my_driver] data is drived
UVM_INFO my_driver.sv(24) @ 51300000: uvm_test_top [my_driver] data is drived
UVM_INFO my_driver.sv(24) @ 51500000: uvm_test_top [my_driver] data is drived
UVM_INFO my_driver.sv(24) @ 51700000: uvm_test_top [my_driver] data is drived
UVM_INFO my_driver.sv(24) @ 51900000: uvm_test_top [my_driver] data is drived
UVM_INFO my_driver.sv(24) @ 52100000: uvm_test_top [my_driver] data is drived
UVM_INFO my_driver.sv(24) @ 52300000: uvm_test_top [my_driver] data is drived

--- UVM Report Summary ---

** Report counts by severity
UVM_INFO :  259
UVM_WARNING :    0
UVM_ERROR :    0
UVM_FATAL :    0
** Report counts by id
[RNTST]     1
[my_driver]   258
$finish called from file "/home/hao/wrk/my_uvm/uvm-1.1d/src/base/uvm_root.svh", line 430.
$finish at simulation time             52500000
           V C S   S i m u l a t i o n   R e p o r t 
Time: 52500000 ps
CPU Time:      0.230 seconds;       Data structure size:   0.2Mb
Fri Oct 23 09:07:11 2020
