Command: ./simv -l vcs_sim.log
Chronologic VCS simulator copyright 1991-2016
Contains Synopsys proprietary information.
Compiler version L-2016.06_Full64; Runtime version L-2016.06_Full64;  Oct 23 09:24 2020
----------------------------------------------------------------
UVM-1.1d
(C) 2007-2013 Mentor Graphics Corporation
(C) 2007-2013 Cadence Design Systems, Inc.
(C) 2006-2013 Synopsys, Inc.
(C) 2011-2013 Cypress Semiconductor Corp.
----------------------------------------------------------------

  ***********       IMPORTANT RELEASE NOTES         ************

  You are using a version of the UVM library that has been compiled
  with `UVM_NO_DEPRECATED undefined.
  See http://www.eda.org/svdb/view.php?id=3313 for more details.

  You are using a version of the UVM library that has been compiled
  with `UVM_OBJECT_MUST_HAVE_CONSTRUCTOR undefined.
  See http://www.eda.org/svdb/view.php?id=3770 for more details.

      (Specify +UVM_NO_RELNOTES to turn off this notice)

UVM_INFO @ 0: reporter [RNTST] Running test my_env...
UVM_INFO my_driver.sv(71) @ 1100000: uvm_test_top.drv [my_driver] begin to drive one pkt
UVM_INFO my_driver.sv(82) @ 45500000: uvm_test_top.drv [my_driver] end drive one pkt
UVM_INFO my_driver.sv(71) @ 45500000: uvm_test_top.drv [my_driver] begin to drive one pkt
UVM_INFO my_driver.sv(82) @ 89900000: uvm_test_top.drv [my_driver] end drive one pkt

--- UVM Report Summary ---

** Report counts by severity
UVM_INFO :    5
UVM_WARNING :    0
UVM_ERROR :    0
UVM_FATAL :    0
** Report counts by id
[RNTST]     1
[my_driver]     4
$finish called from file "/home/hao/wrk/my_uvm/uvm-1.1d/src/base/uvm_root.svh", line 430.
$finish at simulation time             90900000
           V C S   S i m u l a t i o n   R e p o r t 
Time: 90900000 ps
CPU Time:      0.250 seconds;       Data structure size:   0.2Mb
Fri Oct 23 09:24:47 2020
